0 info it worked if it ends with ok
1 verbose cli [ 'C:\\Program Files\\nodejs\\node.exe',
1 verbose cli   'C:\\Program Files\\nodejs\\node_modules\\npm\\bin\\npm-cli.js',
1 verbose cli   'run',
1 verbose cli   'data' ]
2 info using npm@3.10.10
3 info using node@v6.11.3
4 verbose run-script [ 'predata', 'data', 'postdata' ]
5 info lifecycle staw-utopia@1.0.0~predata: staw-utopia@1.0.0
6 silly lifecycle staw-utopia@1.0.0~predata: no script for predata, continuing
7 info lifecycle staw-utopia@1.0.0~data: staw-utopia@1.0.0
8 verbose lifecycle staw-utopia@1.0.0~data: unsafe-perm in lifecycle true
9 verbose lifecycle staw-utopia@1.0.0~data: PATH: C:\Program Files\nodejs\node_modules\npm\bin\node-gyp-bin;C:\Users\butte\Documents\GitHub\CrazyVulcan.github.io\node_modules\.bin;C:\Users\butte\AppData\Roaming\npm;C:\Program Files\nodejs\;C:\ProgramData\Oracle\Java\javapath;C:\WINDOWS\system32;C:\WINDOWS;C:\WINDOWS\System32\Wbem;C:\WINDOWS\System32\WindowsPowerShell\v1.0\;C:\Program Files\nodejs\;C:\Users\butte\AppData\Local\Microsoft\WindowsApps;C:\Users\butte\AppData\Roaming\npm;
10 verbose lifecycle staw-utopia@1.0.0~data: CWD: C:\Users\butte\Documents\GitHub\CrazyVulcan.github.io
11 silly lifecycle staw-utopia@1.0.0~data: Args: [ '/d /s /c', 'npm run lint-data && npm run generate-data' ]
12 silly lifecycle staw-utopia@1.0.0~data: Returned: code: 1  signal: null
13 info lifecycle staw-utopia@1.0.0~data: Failed to exec data script
14 verbose stack Error: staw-utopia@1.0.0 data: `npm run lint-data && npm run generate-data`
14 verbose stack Exit status 1
14 verbose stack     at EventEmitter.<anonymous> (C:\Program Files\nodejs\node_modules\npm\lib\utils\lifecycle.js:255:16)
14 verbose stack     at emitTwo (events.js:106:13)
14 verbose stack     at EventEmitter.emit (events.js:191:7)
14 verbose stack     at ChildProcess.<anonymous> (C:\Program Files\nodejs\node_modules\npm\lib\utils\spawn.js:40:14)
14 verbose stack     at emitTwo (events.js:106:13)
14 verbose stack     at ChildProcess.emit (events.js:191:7)
14 verbose stack     at maybeClose (internal/child_process.js:920:16)
14 verbose stack     at Process.ChildProcess._handle.onexit (internal/child_process.js:230:5)
15 verbose pkgid staw-utopia@1.0.0
16 verbose cwd C:\Users\butte\Documents\GitHub\CrazyVulcan.github.io
17 error Windows_NT 10.0.16299
18 error argv "C:\\Program Files\\nodejs\\node.exe" "C:\\Program Files\\nodejs\\node_modules\\npm\\bin\\npm-cli.js" "run" "data"
19 error node v6.11.3
20 error npm  v3.10.10
21 error code ELIFECYCLE
22 error staw-utopia@1.0.0 data: `npm run lint-data && npm run generate-data`
22 error Exit status 1
23 error Failed at the staw-utopia@1.0.0 data script 'npm run lint-data && npm run generate-data'.
23 error Make sure you have the latest version of node.js and npm installed.
23 error If you do, this is most likely a problem with the staw-utopia package,
23 error not with npm itself.
23 error Tell the author that this fails on your system:
23 error     npm run lint-data && npm run generate-data
23 error You can get information on how to open an issue for this project with:
23 error     npm bugs staw-utopia
23 error Or if that isn't available, you can get their info via:
23 error     npm owner ls staw-utopia
23 error There is likely additional logging output above.
24 verbose exit [ 1, true ]
